20231103 23:28:20 INFO  [main] base.BaseTest BaseTest.java77 - firefox browser launched
20231103 23:28:21 INFO  [main] base.BaseTest BaseTest.java94 - https://login.salesforce.com/is entered
20231103 23:28:21 INFO  [main] scripts.SalesForceLoginScript SalesForceLoginScript.java44 - ******invalid_login_salesforce automation script started***********
20231103 23:28:27 INFO  [main] base.BaseTest BaseTest.java66 - ******login_to_salesforce automation script ended***********
20231104 00:02:50 INFO  [main] base.BaseTest BaseTest.java77 - firefox browser launched
20231104 00:02:51 INFO  [main] base.BaseTest BaseTest.java94 - https://login.salesforce.com/is entered
20231104 00:02:51 INFO  [main] scripts.SalesForceLoginScript SalesForceLoginScript.java25 - ******login_to_salesforce automation script started***********
20231104 00:02:58 INFO  [main] base.BaseTest BaseTest.java66 - ****** automation script ended***********
20231104 00:18:01 INFO  [main] base.BaseTest BaseTest.java77 - firefox browser launched
20231104 00:18:02 INFO  [main] base.BaseTest BaseTest.java94 - https://login.salesforce.com/is entered
20231104 00:18:02 INFO  [main] scripts.SalesForceLoginScript SalesForceLoginScript.java25 - ******login_to_salesforce automation script started***********
20231104 00:18:26 INFO  [main] base.BaseTest BaseTest.java77 - firefox browser launched
20231104 00:18:26 INFO  [main] base.BaseTest BaseTest.java94 - https://login.salesforce.com/is entered
20231104 00:18:26 INFO  [main] scripts.SalesForceLoginScript SalesForceLoginScript.java25 - ******login_to_salesforce automation script started***********
20231104 00:18:58 INFO  [main] base.BaseTest BaseTest.java66 - ****** automation script ended***********
20231104 00:24:04 INFO  [main] base.BaseTest BaseTest.java82 - chrome browser launched
20231104 00:24:05 INFO  [main] base.BaseTest BaseTest.java94 - https://login.salesforce.com/is entered
20231104 00:24:05 INFO  [main] scripts.SalesForceLoginScript SalesForceLoginScript.java21 - ******login_to_salesforce automation script started***********
20231104 00:24:11 INFO  [main] base.BaseTest BaseTest.java66 - ****** automation script ended***********
20231104 00:29:34 INFO  [main] base.BaseTest BaseTest.java82 - chrome browser launched
20231104 00:29:34 INFO  [main] base.BaseTest BaseTest.java94 - https://login.salesforce.com/is entered
20231104 00:29:34 INFO  [main] scripts.SalesForceLoginScript SalesForceLoginScript.java21 - ******login_to_salesforce automation script started***********
20231104 00:29:40 INFO  [main] base.BaseTest BaseTest.java66 - ****** automation script ended***********
